vx/Image imported
vx/Font imported
vx/Socket imported
vx/Sprite imported
vx/Sound imported
vx/SoundChannel has error on requirement src/lib/vx/init.lua:45: module 'vx/SoundChannel' not found:
	no field package.preload['vx/SoundChannel']
	no file '.\vx/SoundChannel.lua'
	no file 'C:\work\lichen\lua\vx/SoundChannel.lua'
	no file 'C:\work\lichen\lua\vx/SoundChannel\init.lua'
	no file 'C:\work\lichen\vx/SoundChannel.lua'
	no file 'C:\work\lichen\vx/SoundChannel\init.lua'
	no file 'vx/SoundChannel.lua'
	no file 'vx/SoundChannel/init.lua'
	no file 'vx/SoundChannel\init.lua'
	no file 'src/vx/SoundChannel.lua'
	no file 'src/lib/vx/SoundChannel.lua'
	no file 'src/lib/vx/SoundChannel/init.lua'
	no vpk'd module 'vx/SoundChannel'
	no file '.\vx/SoundChannel.dll'
	no file 'C:\work\lichen\vx/SoundChannel.dll'
	no file 'C:\work\lichen\loadall.dll'
vx/Song imported
vx/_vergeMap imported
vx/_vergeMapLayer has error on requirement src/lib/vx/init.lua:45: module 'vx/_vergeMapLayer' not found:
	no field package.preload['vx/_vergeMapLayer']
	no file '.\vx/_vergeMapLayer.lua'
	no file 'C:\work\lichen\lua\vx/_vergeMapLayer.lua'
	no file 'C:\work\lichen\lua\vx/_vergeMapLayer\init.lua'
	no file 'C:\work\lichen\vx/_vergeMapLayer.lua'
	no file 'C:\work\lichen\vx/_vergeMapLayer\init.lua'
	no file 'vx/_vergeMapLayer.lua'
	no file 'vx/_vergeMapLayer/init.lua'
	no file 'vx/_vergeMapLayer\init.lua'
	no file 'src/vx/_vergeMapLayer.lua'
	no file 'src/lib/vx/_vergeMapLayer.lua'
	no file 'src/lib/vx/_vergeMapLayer/init.lua'
	no vpk'd module 'vx/_vergeMapLayer'
	no file '.\vx/_vergeMapLayer.dll'
	no file 'C:\work\lichen\vx/_vergeMapLayer.dll'
	no file 'C:\work\lichen\loadall.dll'
vx/_vergeMapZone has error on requirement src/lib/vx/init.lua:45: module 'vx/_vergeMapZone' not found:
	no field package.preload['vx/_vergeMapZone']
	no file '.\vx/_vergeMapZone.lua'
	no file 'C:\work\lichen\lua\vx/_vergeMapZone.lua'
	no file 'C:\work\lichen\lua\vx/_vergeMapZone\init.lua'
	no file 'C:\work\lichen\vx/_vergeMapZone.lua'
	no file 'C:\work\lichen\vx/_vergeMapZone\init.lua'
	no file 'vx/_vergeMapZone.lua'
	no file 'vx/_vergeMapZone/init.lua'
	no file 'vx/_vergeMapZone\init.lua'
	no file 'src/vx/_vergeMapZone.lua'
	no file 'src/lib/vx/_vergeMapZone.lua'
	no file 'src/lib/vx/_vergeMapZone/init.lua'
	no vpk'd module 'vx/_vergeMapZone'
	no file '.\vx/_vergeMapZone.dll'
	no file 'C:\work\lichen\vx/_vergeMapZone.dll'
	no file 'C:\work\lichen\loadall.dll'
vx/Entity imported
vx/File imported
vx/_vergeCamera imported
vx/_vergeMouseInput imported
vx/_vergeMouseButtonInput has error on requirement src/lib/vx/init.lua:45: module 'vx/_vergeMouseButtonInput' not found:
	no field package.preload['vx/_vergeMouseButtonInput']
	no file '.\vx/_vergeMouseButtonInput.lua'
	no file 'C:\work\lichen\lua\vx/_vergeMouseButtonInput.lua'
	no file 'C:\work\lichen\lua\vx/_vergeMouseButtonInput\init.lua'
	no file 'C:\work\lichen\vx/_vergeMouseButtonInput.lua'
	no file 'C:\work\lichen\vx/_vergeMouseButtonInput\init.lua'
	no file 'vx/_vergeMouseButtonInput.lua'
	no file 'vx/_vergeMouseButtonInput/init.lua'
	no file 'vx/_vergeMouseButtonInput\init.lua'
	no file 'src/vx/_vergeMouseButtonInput.lua'
	no file 'src/lib/vx/_vergeMouseButtonInput.lua'
	no file 'src/lib/vx/_vergeMouseButtonInput/init.lua'
	no vpk'd module 'vx/_vergeMouseButtonInput'
	no file '.\vx/_vergeMouseButtonInput.dll'
	no file 'C:\work\lichen\vx/_vergeMouseButtonInput.dll'
	no file 'C:\work\lichen\loadall.dll'
vx/_vergeKeyboardInput imported
vx/_vergeJoystickInput imported
vx/_vergeJoystickDirectionInput has error on requirement src/lib/vx/init.lua:45: module 'vx/_vergeJoystickDirectionInput' not found:
	no field package.preload['vx/_vergeJoystickDirectionInput']
	no file '.\vx/_vergeJoystickDirectionInput.lua'
	no file 'C:\work\lichen\lua\vx/_vergeJoystickDirectionInput.lua'
	no file 'C:\work\lichen\lua\vx/_vergeJoystickDirectionInput\init.lua'
	no file 'C:\work\lichen\vx/_vergeJoystickDirectionInput.lua'
	no file 'C:\work\lichen\vx/_vergeJoystickDirectionInput\init.lua'
	no file 'vx/_vergeJoystickDirectionInput.lua'
	no file 'vx/_vergeJoystickDirectionInput/init.lua'
	no file 'vx/_vergeJoystickDirectionInput\init.lua'
	no file 'src/vx/_vergeJoystickDirectionInput.lua'
	no file 'src/lib/vx/_vergeJoystickDirectionInput.lua'
	no file 'src/lib/vx/_vergeJoystickDirectionInput/init.lua'
	no vpk'd module 'vx/_vergeJoystickDirectionInput'
	no file '.\vx/_vergeJoystickDirectionInput.dll'
	no file 'C:\work\lichen\vx/_vergeJoystickDirectionInput.dll'
	no file 'C:\work\lichen\loadall.dll'
vx/_vergeJoystickButtonInput has error on requirement src/lib/vx/init.lua:45: module 'vx/_vergeJoystickButtonInput' not found:
	no field package.preload['vx/_vergeJoystickButtonInput']
	no file '.\vx/_vergeJoystickButtonInput.lua'
	no file 'C:\work\lichen\lua\vx/_vergeJoystickButtonInput.lua'
	no file 'C:\work\lichen\lua\vx/_vergeJoystickButtonInput\init.lua'
	no file 'C:\work\lichen\vx/_vergeJoystickButtonInput.lua'
	no file 'C:\work\lichen\vx/_vergeJoystickButtonInput\init.lua'
	no file 'vx/_vergeJoystickButtonInput.lua'
	no file 'vx/_vergeJoystickButtonInput/init.lua'
	no file 'vx/_vergeJoystickButtonInput\init.lua'
	no file 'src/vx/_vergeJoystickButtonInput.lua'
	no file 'src/lib/vx/_vergeJoystickButtonInput.lua'
	no file 'src/lib/vx/_vergeJoystickButtonInput/init.lua'
	no vpk'd module 'vx/_vergeJoystickButtonInput'
	no file '.\vx/_vergeJoystickButtonInput.dll'
	no file 'C:\work\lichen\vx/_vergeJoystickButtonInput.dll'
	no file 'C:\work\lichen\loadall.dll'
vx/_vergeClock imported
vx/_vergeMusic imported
Map loaded -- tmp/oworld.map
